# JRE version: OpenJDK Runtime Environment Temurin-21.0.10+7 (21.0.10+7) (build 21.0.10+7-LTS)
# Java VM: OpenJDK 64-Bit Server VM Temurin-21.0.10+7 (21.0.10+7-LTS, mixed mode, sharing, tiered, compressed oops, compressed class ptrs, parallel gc, windows-amd64)
GC Precious Log:
 CardTable entry size: 512
 CPUs: 8 total, 8 available
 Memory: 16194M
 Large Page Support: Disabled
 NUMA Support: Disabled
 Compressed Oops: Enabled (32-bit)
 Alignments: Space 512K, Generation 512K, Heap 2M
 Heap Min Capacity: 100M
 Heap Initial Capacity: 100M
 Heap Max Capacity: 2G
 Pre-touch: Disabled
 Parallel Workers: 8
Heap:
 PSYoungGen      total 7168K, used 3734K [0x00000000d5580000, 0x00000000d6000000, 0x0000000100000000)
  eden space 5120K, 40% used [0x00000000d5580000,0x00000000d5780c38,0x00000000d5a80000)
  from space 2048K, 82% used [0x00000000d5e00000,0x00000000d5fa4c80,0x00000000d6000000)
  to   space 2048K, 0% used [0x00000000d5c00000,0x00000000d5c00000,0x00000000d5e00000)
 ParOldGen       total 404992K, used 404581K [0x0000000080000000, 0x0000000098b80000, 0x00000000d5580000)
  object space 404992K, 99% used [0x0000000080000000,0x0000000098b196e0,0x0000000098b80000)
 Metaspace       used 64454K, committed 65920K, reserved 1114112K
  class space    used 6932K, committed 7552K, reserved 1048576K
GC Heap History (20 events):
Event: 30.959 GC heap before
{Heap before GC invocations=288 (full 4):
 PSYoungGen      total 3072K, used 2748K [0x00000000d5580000, 0x00000000d5b00000, 0x0000000100000000)
  eden space 2048K, 98% used [0x00000000d5580000,0x00000000d5777390,0x00000000d5780000)
  from space 1024K, 71% used [0x00000000d5780000,0x00000000d5838000,0x00000000d5880000)
  to   space 1536K, 0% used [0x00000000d5980000,0x00000000d5980000,0x00000000d5b00000)
 ParOldGen       total 386048K, used 385794K [0x0000000080000000, 0x0000000097900000, 0x00000000d5580000)
  object space 386048K, 99% used [0x0000000080000000,0x00000000978c0978,0x0000000097900000)
 Metaspace       used 63523K, committed 64960K, reserved 1114112K
  class space    used 6828K, committed 7424K, reserved 1048576K
}
Event: 30.962 GC heap after
{Heap after GC invocations=288 (full 4):
 PSYoungGen      total 3584K, used 800K [0x00000000d5580000, 0x00000000d5a80000, 0x0000000100000000)
  eden space 2560K, 0% used [0x00000000d5580000,0x00000000d5580000,0x00000000d5800000)
  from space 1024K, 78% used [0x00000000d5980000,0x00000000d5a48000,0x00000000d5a80000)
  to   space 1024K, 0% used [0x00000000d5880000,0x00000000d5880000,0x00000000d5980000)
 ParOldGen       total 386560K, used 386514K [0x0000000080000000, 0x0000000097980000, 0x00000000d5580000)
  object space 386560K, 99% used [0x0000000080000000,0x0000000097974978,0x0000000097980000)
 Metaspace       used 63523K, committed 64960K, reserved 1114112K
  class space    used 6828K, committed 7424K, reserved 1048576K
}
Event: 30.984 GC heap before
{Heap before GC invocations=289 (full 4):
 PSYoungGen      total 3584K, used 3360K [0x00000000d5580000, 0x00000000d5a80000, 0x0000000100000000)
  eden space 2560K, 100% used [0x00000000d5580000,0x00000000d5800000,0x00000000d5800000)
  from space 1024K, 78% used [0x00000000d5980000,0x00000000d5a48000,0x00000000d5a80000)
  to   space 1024K, 0% used [0x00000000d5880000,0x00000000d5880000,0x00000000d5980000)
 ParOldGen       total 386560K, used 386514K [0x0000000080000000, 0x0000000097980000, 0x00000000d5580000)
  object space 386560K, 99% used [0x0000000080000000,0x0000000097974978,0x0000000097980000)
 Metaspace       used 63524K, committed 64960K, reserved 1114112K
  class space    used 6828K, committed 7424K, reserved 1048576K
}
Event: 30.988 GC heap after
{Heap after GC invocations=289 (full 4):
 PSYoungGen      total 4096K, used 993K [0x00000000d5580000, 0x00000000d6080000, 0x0000000100000000)
  eden space 3072K, 0% used [0x00000000d5580000,0x00000000d5580000,0x00000000d5880000)
  from space 1024K, 97% used [0x00000000d5880000,0x00000000d59786d0,0x00000000d5980000)
  to   space 4096K, 0% used [0x00000000d5c80000,0x00000000d5c80000,0x00000000d6080000)
 ParOldGen       total 389120K, used 388762K [0x0000000080000000, 0x0000000097c00000, 0x00000000d5580000)
  object space 389120K, 99% used [0x0000000080000000,0x0000000097ba6978,0x0000000097c00000)
 Metaspace       used 63524K, committed 64960K, reserved 1114112K
  class space    used 6828K, committed 7424K, reserved 1048576K
}
Event: 31.023 GC heap before
{Heap before GC invocations=290 (full 4):
 PSYoungGen      total 4096K, used 4065K [0x00000000d5580000, 0x00000000d6080000, 0x0000000100000000)
  eden space 3072K, 100% used [0x00000000d5580000,0x00000000d5880000,0x00000000d5880000)
  from space 1024K, 97% used [0x00000000d5880000,0x00000000d59786d0,0x00000000d5980000)
  to   space 4096K, 0% used [0x00000000d5c80000,0x00000000d5c80000,0x00000000d6080000)
 ParOldGen       total 389120K, used 388762K [0x0000000080000000, 0x0000000097c00000, 0x00000000d5580000)
  object space 389120K, 99% used [0x0000000080000000,0x0000000097ba6978,0x0000000097c00000)
 Metaspace       used 63524K, committed 64960K, reserved 1114112K
  class space    used 6828K, committed 7424K, reserved 1048576K
}
Event: 31.028 GC heap after
{Heap after GC invocations=290 (full 4):
 PSYoungGen      total 7680K, used 3232K [0x00000000d5580000, 0x00000000d6080000, 0x0000000100000000)
  eden space 3584K, 0% used [0x00000000d5580000,0x00000000d5580000,0x00000000d5900000)
  from space 4096K, 78% used [0x00000000d5c80000,0x00000000d5fa8000,0x00000000d6080000)
  to   space 3584K, 0% used [0x00000000d5900000,0x00000000d5900000,0x00000000d5c80000)
 ParOldGen       total 390144K, used 389788K [0x0000000080000000, 0x0000000097d00000, 0x00000000d5580000)
  object space 390144K, 99% used [0x0000000080000000,0x0000000097ca7048,0x0000000097d00000)
 Metaspace       used 63524K, committed 64960K, reserved 1114112K
  class space    used 6828K, committed 7424K, reserved 1048576K
}
Event: 31.069 GC heap before
{Heap before GC invocations=291 (full 4):
 PSYoungGen      total 7680K, used 6695K [0x00000000d5580000, 0x00000000d6080000, 0x0000000100000000)
  eden space 3584K, 96% used [0x00000000d5580000,0x00000000d58e1e80,0x00000000d5900000)
  from space 4096K, 78% used [0x00000000d5c80000,0x00000000d5fa8000,0x00000000d6080000)
  to   space 3584K, 0% used [0x00000000d5900000,0x00000000d5900000,0x00000000d5c80000)
 ParOldGen       total 390144K, used 389788K [0x0000000080000000, 0x0000000097d00000, 0x00000000d5580000)
  object space 390144K, 99% used [0x0000000080000000,0x0000000097ca7048,0x0000000097d00000)
 Metaspace       used 63542K, committed 64960K, reserved 1114112K
  class space    used 6828K, committed 7424K, reserved 1048576K
}
Event: 31.079 GC heap after
{Heap after GC invocations=291 (full 4):
 PSYoungGen      total 7168K, used 3016K [0x00000000d5580000, 0x00000000d6100000, 0x0000000100000000)
  eden space 3584K, 0% used [0x00000000d5580000,0x00000000d5580000,0x00000000d5900000)
  from space 3584K, 84% used [0x00000000d5900000,0x00000000d5bf2290,0x00000000d5c80000)
  to   space 3584K, 0% used [0x00000000d5d80000,0x00000000d5d80000,0x00000000d6100000)
 ParOldGen       total 393216K, used 392884K [0x0000000080000000, 0x0000000098000000, 0x00000000d5580000)
  object space 393216K, 99% used [0x0000000080000000,0x0000000097fad048,0x0000000098000000)
 Metaspace       used 63542K, committed 64960K, reserved 1114112K
  class space    used 6828K, committed 7424K, reserved 1048576K
}
Event: 31.107 GC heap before
{Heap before GC invocations=292 (full 4):
 PSYoungGen      total 7168K, used 6600K [0x00000000d5580000, 0x00000000d6100000, 0x0000000100000000)
  eden space 3584K, 100% used [0x00000000d5580000,0x00000000d5900000,0x00000000d5900000)
  from space 3584K, 84% used [0x00000000d5900000,0x00000000d5bf2290,0x00000000d5c80000)
  to   space 3584K, 0% used [0x00000000d5d80000,0x00000000d5d80000,0x00000000d6100000)
 ParOldGen       total 393216K, used 392884K [0x0000000080000000, 0x0000000098000000, 0x00000000d5580000)
  object space 393216K, 99% used [0x0000000080000000,0x0000000097fad048,0x0000000098000000)
 Metaspace       used 63547K, committed 65024K, reserved 1114112K
  class space    used 6828K, committed 7424K, reserved 1048576K
}
Event: 31.113 GC heap after
{Heap after GC invocations=292 (full 4):
 PSYoungGen      total 7680K, used 3569K [0x00000000d5580000, 0x00000000d6200000, 0x0000000100000000)
  eden space 4096K, 0% used [0x00000000d5580000,0x00000000d5580000,0x00000000d5980000)
  from space 3584K, 99% used [0x00000000d5d80000,0x00000000d60fc558,0x00000000d6100000)
  to   space 4096K, 0% used [0x00000000d5980000,0x00000000d5980000,0x00000000d5d80000)
 ParOldGen       total 394240K, used 393999K [0x0000000080000000, 0x0000000098100000, 0x00000000d5580000)
  object space 394240K, 99% used [0x0000000080000000,0x00000000980c3f30,0x0000000098100000)
 Metaspace       used 63547K, committed 65024K, reserved 1114112K
  class space    used 6828K, committed 7424K, reserved 1048576K
}
Event: 31.169 GC heap before
{Heap before GC invocations=293 (full 4):
 PSYoungGen      total 7680K, used 7613K [0x00000000d5580000, 0x00000000d6200000, 0x0000000100000000)
  eden space 4096K, 98% used [0x00000000d5580000,0x00000000d5973230,0x00000000d5980000)
  from space 3584K, 99% used [0x00000000d5d80000,0x00000000d60fc558,0x00000000d6100000)
  to   space 4096K, 0% used [0x00000000d5980000,0x00000000d5980000,0x00000000d5d80000)
 ParOldGen       total 394240K, used 393999K [0x0000000080000000, 0x0000000098100000, 0x00000000d5580000)
  object space 394240K, 99% used [0x0000000080000000,0x00000000980c3f30,0x0000000098100000)
 Metaspace       used 63560K, committed 65024K, reserved 1114112K
  class space    used 6829K, committed 7424K, reserved 1048576K
}
Event: 31.175 GC heap after
{Heap after GC invocations=293 (full 4):
 PSYoungGen      total 8192K, used 2275K [0x00000000d5580000, 0x00000000d6080000, 0x0000000100000000)
  eden space 4096K, 0% used [0x00000000d5580000,0x00000000d5580000,0x00000000d5980000)
  from space 4096K, 55% used [0x00000000d5980000,0x00000000d5bb8f68,0x00000000d5d80000)
  to   space 3072K, 0% used [0x00000000d5d80000,0x00000000d5d80000,0x00000000d6080000)
 ParOldGen       total 397312K, used 397158K [0x0000000080000000, 0x0000000098400000, 0x00000000d5580000)
  object space 397312K, 99% used [0x0000000080000000,0x00000000983d9ba0,0x0000000098400000)
 Metaspace       used 63560K, committed 65024K, reserved 1114112K
  class space    used 6829K, committed 7424K, reserved 1048576K
}
Event: 31.648 GC heap before
{Heap before GC invocations=294 (full 4):
 PSYoungGen      total 8192K, used 6370K [0x00000000d5580000, 0x00000000d6080000, 0x0000000100000000)
  eden space 4096K, 99% used [0x00000000d5580000,0x00000000d597f900,0x00000000d5980000)
  from space 4096K, 55% used [0x00000000d5980000,0x00000000d5bb8f68,0x00000000d5d80000)
  to   space 3072K, 0% used [0x00000000d5d80000,0x00000000d5d80000,0x00000000d6080000)
 ParOldGen       total 397312K, used 397158K [0x0000000080000000, 0x0000000098400000, 0x00000000d5580000)
  object space 397312K, 99% used [0x0000000080000000,0x00000000983d9ba0,0x0000000098400000)
 Metaspace       used 63744K, committed 65152K, reserved 1114112K
  class space    used 6847K, committed 7424K, reserved 1048576K
}
Event: 31.654 GC heap after
{Heap after GC invocations=294 (full 4):
 PSYoungGen      total 6656K, used 1056K [0x00000000d5580000, 0x00000000d5f00000, 0x0000000100000000)
  eden space 5120K, 0% used [0x00000000d5580000,0x00000000d5580000,0x00000000d5a80000)
  from space 1536K, 68% used [0x00000000d5d80000,0x00000000d5e88018,0x00000000d5f00000)
  to   space 2048K, 0% used [0x00000000d5b00000,0x00000000d5b00000,0x00000000d5d00000)
 ParOldGen       total 399360K, used 399078K [0x0000000080000000, 0x0000000098600000, 0x00000000d5580000)
  object space 399360K, 99% used [0x0000000080000000,0x00000000985b98e8,0x0000000098600000)
 Metaspace       used 63744K, committed 65152K, reserved 1114112K
  class space    used 6847K, committed 7424K, reserved 1048576K
}
Event: 31.802 GC heap before
{Heap before GC invocations=295 (full 4):
 PSYoungGen      total 6656K, used 6176K [0x00000000d5580000, 0x00000000d5f00000, 0x0000000100000000)
  eden space 5120K, 100% used [0x00000000d5580000,0x00000000d5a80000,0x00000000d5a80000)
  from space 1536K, 68% used [0x00000000d5d80000,0x00000000d5e88018,0x00000000d5f00000)
  to   space 2048K, 0% used [0x00000000d5b00000,0x00000000d5b00000,0x00000000d5d00000)
 ParOldGen       total 399360K, used 399078K [0x0000000080000000, 0x0000000098600000, 0x00000000d5580000)
  object space 399360K, 99% used [0x0000000080000000,0x00000000985b98e8,0x0000000098600000)
 Metaspace       used 63809K, committed 65280K, reserved 1114112K
  class space    used 6861K, committed 7488K, reserved 1048576K
}
Event: 31.809 GC heap after
{Heap after GC invocations=295 (full 4):
 PSYoungGen      total 7168K, used 2023K [0x00000000d5580000, 0x00000000d6480000, 0x0000000100000000)
  eden space 5120K, 0% used [0x00000000d5580000,0x00000000d5580000,0x00000000d5a80000)
  from space 2048K, 98% used [0x00000000d5b00000,0x00000000d5cf9d40,0x00000000d5d00000)
  to   space 5120K, 0% used [0x00000000d5f80000,0x00000000d5f80000,0x00000000d6480000)
 ParOldGen       total 401920K, used 401454K [0x0000000080000000, 0x0000000098880000, 0x00000000d5580000)
  object space 401920K, 99% used [0x0000000080000000,0x000000009880b900,0x0000000098880000)
 Metaspace       used 63809K, committed 65280K, reserved 1114112K
  class space    used 6861K, committed 7488K, reserved 1048576K
}
Event: 32.135 GC heap before
{Heap before GC invocations=296 (full 4):
 PSYoungGen      total 7168K, used 7143K [0x00000000d5580000, 0x00000000d6480000, 0x0000000100000000)
  eden space 5120K, 100% used [0x00000000d5580000,0x00000000d5a80000,0x00000000d5a80000)
  from space 2048K, 98% used [0x00000000d5b00000,0x00000000d5cf9d40,0x00000000d5d00000)
  to   space 5120K, 0% used [0x00000000d5f80000,0x00000000d5f80000,0x00000000d6480000)
 ParOldGen       total 401920K, used 401454K [0x0000000080000000, 0x0000000098880000, 0x00000000d5580000)
  object space 401920K, 99% used [0x0000000080000000,0x000000009880b900,0x0000000098880000)
 Metaspace       used 64036K, committed 65472K, reserved 1114112K
  class space    used 6882K, committed 7488K, reserved 1048576K
}
Event: 32.140 GC heap after
{Heap after GC invocations=296 (full 4):
 PSYoungGen      total 6656K, used 1275K [0x00000000d5580000, 0x00000000d6100000, 0x0000000100000000)
  eden space 5120K, 0% used [0x00000000d5580000,0x00000000d5580000,0x00000000d5a80000)
  from space 1536K, 83% used [0x00000000d5f80000,0x00000000d60becb8,0x00000000d6100000)
  to   space 2560K, 0% used [0x00000000d5c00000,0x00000000d5c00000,0x00000000d5e80000)
 ParOldGen       total 403456K, used 403432K [0x0000000080000000, 0x0000000098a00000, 0x00000000d5580000)
  object space 403456K, 99% used [0x0000000080000000,0x00000000989fa1a8,0x0000000098a00000)
 Metaspace       used 64036K, committed 65472K, reserved 1114112K
  class space    used 6882K, committed 7488K, reserved 1048576K
}
Event: 32.730 GC heap before
{Heap before GC invocations=297 (full 4):
 PSYoungGen      total 6656K, used 6395K [0x00000000d5580000, 0x00000000d6100000, 0x0000000100000000)
  eden space 5120K, 100% used [0x00000000d5580000,0x00000000d5a80000,0x00000000d5a80000)
  from space 1536K, 83% used [0x00000000d5f80000,0x00000000d60becb8,0x00000000d6100000)
  to   space 2560K, 0% used [0x00000000d5c00000,0x00000000d5c00000,0x00000000d5e80000)
 ParOldGen       total 403456K, used 403432K [0x0000000080000000, 0x0000000098a00000, 0x00000000d5580000)
  object space 403456K, 99% used [0x0000000080000000,0x00000000989fa1a8,0x0000000098a00000)
 Metaspace       used 64131K, committed 65600K, reserved 1114112K
  class space    used 6889K, committed 7488K, reserved 1048576K
}
Event: 32.735 GC heap after
{Heap after GC invocations=297 (full 4):
 PSYoungGen      total 6656K, used 1440K [0x00000000d5580000, 0x00000000d6000000, 0x0000000100000000)
  eden space 5120K, 0% used [0x00000000d5580000,0x00000000d5580000,0x00000000d5a80000)
  from space 1536K, 93% used [0x00000000d5c00000,0x00000000d5d68050,0x00000000d5d80000)
  to   space 2048K, 0% used [0x00000000d5e00000,0x00000000d5e00000,0x00000000d6000000)
 ParOldGen       total 404992K, used 404573K [0x0000000080000000, 0x0000000098b80000, 0x00000000d5580000)
  object space 404992K, 99% used [0x0000000080000000,0x0000000098b176e0,0x0000000098b80000)
 Metaspace       used 64131K, committed 65600K, reserved 1114112K
  class space    used 6889K, committed 7488K, reserved 1048576K
}

